<?xml version="1.0" encoding="UTF-8"?>
<!-- Generated by org.testng.reporters.JUnitReportReporter -->
<testsuite skipped="0" hostname="MAJI-BLR-01" name="Pack_calc.Emul_Calc" tests="1" failures="0" timestamp="27 Oct 2016 20:17:40 GMT" time="18.810" errors="0">
  <testcase name="setUp" time="18.810" classname="Pack_calc.Emul_Calc"/>
</testsuite> <!-- Pack_calc.Emul_Calc -->
