<?xml version="1.0" encoding="UTF-8"?>
<!-- Generated by org.testng.reporters.JUnitReportReporter -->
<testsuite skipped="0" hostname="MAJI-BLR-01" name="com.accolite.appiumGrid.appiumGridCls" tests="2" failures="0" timestamp="19 Nov 2016 22:15:21 GMT" time="21.477" errors="0">
  <testcase name="setUp" time="11.868" classname="com.accolite.appiumGrid.appiumGridCls"/>
  <testcase name="setUp" time="9.609" classname="com.accolite.appiumGrid.appiumGridCls"/>
</testsuite> <!-- com.accolite.appiumGrid.appiumGridCls -->
