<?xml version="1.0" encoding="UTF-8"?>
<!-- Generated by org.testng.reporters.JUnitReportReporter -->
<testsuite skipped="0" hostname="MAJI-BLR-01" name="com.accolite.aceit.login.CalcTest" tests="1" failures="0" timestamp="2 Nov 2016 08:40:37 GMT" time="9.476" errors="0">
  <testcase name="setUp" time="9.476" classname="com.accolite.aceit.login.CalcTest"/>
</testsuite> <!-- com.accolite.aceit.login.CalcTest -->
