<?xml version="1.0" encoding="UTF-8"?>
<!-- Generated by org.testng.reporters.JUnitReportReporter -->
<testsuite skipped="0" hostname="MAJI-BLR-01" name="com.accolite.aceit.login.LoginEmail" tests="1" failures="0" timestamp="30 Oct 2016 20:38:47 GMT" time="17.307" errors="0">
  <testcase name="setUp" time="17.307" classname="com.accolite.aceit.login.LoginEmail"/>
</testsuite> <!-- com.accolite.aceit.login.LoginEmail -->
