<?xml version="1.0" encoding="UTF-8"?>
<!-- Generated by org.testng.reporters.JUnitReportReporter -->
<testsuite skipped="0" hostname="MAJI-BLR-01" name="com.accolite.aceit.login.CalcTest" tests="1" failures="0" timestamp="2 Nov 2016 09:49:50 GMT" time="26.584" errors="0">
  <testcase name="setUp" time="26.584" classname="com.accolite.aceit.login.CalcTest"/>
</testsuite> <!-- com.accolite.aceit.login.CalcTest -->
