<?xml version="1.0" encoding="UTF-8"?>
<!-- Generated by org.testng.reporters.JUnitReportReporter -->
<testsuite skipped="0" hostname="MAJI-BLR-01" name="Android_Login_pkg.Android_Login_cls" tests="1" failures="0" timestamp="25 Oct 2016 06:08:21 GMT" time="24.304" errors="0">
  <testcase name="setUp" time="24.304" classname="Android_Login_pkg.Android_Login_cls"/>
</testsuite> <!-- Android_Login_pkg.Android_Login_cls -->
