<?xml version="1.0" encoding="UTF-8"?>
<testsuite name="com.accolite.aceit.play.PlayQuiz" tests="1" skipped="0" failures="0" errors="0" timestamp="2016-10-30T20:39:19" hostname="MAJI-BLR-01" time="0.001">
  <properties/>
  <testcase name="playWithRemotePlayer" classname="com.accolite.aceit.play.PlayQuiz" time="0.001"/>
  <system-out><![CDATA[]]></system-out>
  <system-err><![CDATA[]]></system-err>
</testsuite>
